custom_uploader/app/intermediates/manifest_merge_blame_file/release/manifest-merger-blame-release-report.txt
1<?xml version="1.0" encoding="utf-8"?>
2<manifest xmlns:android="http://schemas.android.com/apk/res/android"
3    package="com.nyx.custom_uploader"
4    android:versionCode="5"
5    android:versionName="1.0.3" >
6
7    <uses-sdk
8        android:minSdkVersion="16"
8-->src/main/AndroidManifest.xml
9        android:targetSdkVersion="33" />
9-->src/main/AndroidManifest.xml
10
11    <uses-permission android:name="android.permission.INTERNET" />
11-->src/main/AndroidManifest.xml:3:5-66
11-->src/main/AndroidManifest.xml:3:22-64
12    <uses-permission android:name="android.permission.WRITE_EXTERNAL_STORAGE" />
12-->src/main/AndroidManifest.xml:4:5-81
12-->src/main/AndroidManifest.xml:4:22-78
13    <uses-permission android:name="android.permission.WRITE" />
13-->src/main/AndroidManifest.xml:5:5-64
13-->src/main/AndroidManifest.xml:5:22-61
14    <uses-permission android:name="android.permission.READ_EXTERNAL_STORAGE" />
14-->src/main/AndroidManifest.xml:6:5-80
14-->src/main/AndroidManifest.xml:6:22-77
15
16    <queries>
16-->[:file_picker] AndroidManifest.xml:11:5-17:15
17        <intent>
17-->[:file_picker] AndroidManifest.xml:12:9-16:18
18            <action android:name="android.intent.action.GET_CONTENT" />
18-->[:file_picker] AndroidManifest.xml:13:13-72
18-->[:file_picker] AndroidManifest.xml:13:21-69
19
20            <data android:mimeType="*/*" />
20-->src/main/AndroidManifest.xml:40:17-48
20-->src/main/AndroidManifest.xml:40:23-45
21        </intent>
22    </queries>
23
24    <application
25        android:name="android.app.Application"
25-->src/main/AndroidManifest.xml:9:9-42
26        android:appComponentFactory="androidx.core.app.CoreComponentFactory"
26-->[androidx.core:core:1.6.0] AndroidManifest.xml:24:18-86
27        android:icon="@mipmap/ic_launcher"
27-->src/main/AndroidManifest.xml:10:9-43
28        android:label="Custom Uploader" >
28-->src/main/AndroidManifest.xml:8:9-40
29        <activity
29-->src/main/AndroidManifest.xml:11:9-42:20
30            android:name="com.nyx.custom_uploader.MainActivity"
30-->src/main/AndroidManifest.xml:12:13-41
31            android:configChanges="orientation|keyboardHidden|keyboard|screenSize|smallestScreenSize|locale|layoutDirection|fontScale|screenLayout|density|uiMode"
31-->src/main/AndroidManifest.xml:16:13-163
32            android:exported="true"
32-->src/main/AndroidManifest.xml:13:13-36
33            android:hardwareAccelerated="true"
33-->src/main/AndroidManifest.xml:17:13-47
34            android:launchMode="singleTop"
34-->src/main/AndroidManifest.xml:14:13-43
35            android:theme="@style/LaunchTheme"
35-->src/main/AndroidManifest.xml:15:13-47
36            android:windowSoftInputMode="adjustResize" >
36-->src/main/AndroidManifest.xml:18:13-55
37
38            <!--
39                 Specifies an Android theme to apply to this Activity as soon as
40                 the Android process has started. This theme is visible to the user
41                 while the Flutter UI initializes. After that, this theme continues
42                 to determine the Window background behind the Flutter UI.
43            -->
44            <meta-data
44-->src/main/AndroidManifest.xml:23:13-26:17
45                android:name="io.flutter.embedding.android.NormalTheme"
45-->src/main/AndroidManifest.xml:24:15-70
46                android:resource="@style/NormalTheme" />
46-->src/main/AndroidManifest.xml:25:15-52
47
48            <intent-filter>
48-->src/main/AndroidManifest.xml:27:13-31:29
49                <action android:name="android.intent.action.VIEW" />
49-->src/main/AndroidManifest.xml:28:17-69
49-->src/main/AndroidManifest.xml:28:25-66
50
51                <category android:name="android.intent.category.DEFAULT" />
51-->src/main/AndroidManifest.xml:29:17-76
51-->src/main/AndroidManifest.xml:29:27-73
52                <category android:name="android.intent.category.BROWSABLE" />
52-->src/main/AndroidManifest.xml:30:17-78
52-->src/main/AndroidManifest.xml:30:27-75
53            </intent-filter>
54            <intent-filter>
54-->src/main/AndroidManifest.xml:33:13-36:29
55                <action android:name="android.intent.action.MAIN" />
55-->src/main/AndroidManifest.xml:34:17-68
55-->src/main/AndroidManifest.xml:34:25-66
56
57                <category android:name="android.intent.category.LAUNCHER" />
57-->src/main/AndroidManifest.xml:35:17-76
57-->src/main/AndroidManifest.xml:35:27-74
58            </intent-filter>
59            <intent-filter>
59-->src/main/AndroidManifest.xml:37:13-41:29
60                <action android:name="android.intent.action.SEND" />
60-->src/main/AndroidManifest.xml:38:17-69
60-->src/main/AndroidManifest.xml:38:25-66
61
62                <category android:name="android.intent.category.DEFAULT" />
62-->src/main/AndroidManifest.xml:29:17-76
62-->src/main/AndroidManifest.xml:29:27-73
63
64                <data android:mimeType="*/*" />
64-->src/main/AndroidManifest.xml:40:17-48
64-->src/main/AndroidManifest.xml:40:23-45
65            </intent-filter>
66        </activity>
67        <!--
68             Don't delete the meta-data below.
69             This is used by the Flutter tool to generate GeneratedPluginRegistrant.java
70        -->
71        <meta-data
71-->src/main/AndroidManifest.xml:45:9-47:33
72            android:name="flutterEmbedding"
72-->src/main/AndroidManifest.xml:46:13-44
73            android:value="2" />
73-->src/main/AndroidManifest.xml:47:13-30
74
75        <activity
75-->[:url_launcher_android] AndroidManifest.xml:10:9-13:74
76            android:name="io.flutter.plugins.urllauncher.WebViewActivity"
76-->[:url_launcher_android] AndroidManifest.xml:11:13-74
77            android:exported="false"
77-->[:url_launcher_android] AndroidManifest.xml:12:13-37
78            android:theme="@android:style/Theme.NoTitleBar.Fullscreen" />
78-->[:url_launcher_android] AndroidManifest.xml:13:13-71
79
80        <uses-library
80-->[androidx.window:window:1.0.0-beta04] AndroidManifest.xml:25:9-27:40
81            android:name="androidx.window.extensions"
81-->[androidx.window:window:1.0.0-beta04] AndroidManifest.xml:26:13-54
82            android:required="false" />
82-->[androidx.window:window:1.0.0-beta04] AndroidManifest.xml:27:13-37
83        <uses-library
83-->[androidx.window:window:1.0.0-beta04] AndroidManifest.xml:28:9-30:40
84            android:name="androidx.window.sidecar"
84-->[androidx.window:window:1.0.0-beta04] AndroidManifest.xml:29:13-51
85            android:required="false" />
85-->[androidx.window:window:1.0.0-beta04] AndroidManifest.xml:30:13-37
86    </application>
87
88</manifest>